2026-05-11 12:27:31,270 INFO 10.79.164.105 connecting
2026-05-11 12:27:31,653 INFO Connected (version 2.0, client OpenSSH_9.9)
2026-05-11 12:27:36,172 INFO Authentication (password) failed.
2026-05-11 12:27:36,173 ERROR 10.79.164.105 CONNECTION_FAILED Authentication to device failed.

Common causes of this problem are:
1. Invalid username and password
2. Incorrect SSH-key file
3. Connecting to the wrong device

Device settings: terminal_server 10.79.164.105:22


Authentication failed.
Traceback (most recent call last):
  File "C:\Program Files\Python313\Lib\site-packages\netmiko\base_connection.py", line 1146, in establish_connection
    self.remote_conn_pre.connect(**ssh_connect_params)
    ~~~~~~~~~~~~~~~~~~~~~~~~~~~~^^^^^^^^^^^^^^^^^^^^^^
  File "C:\Program Files\Python313\Lib\site-packages\paramiko\client.py", line 483, in connect
    self._auth(
    ~~~~~~~~~~^
        username,
        ^^^^^^^^^
    ...<9 lines>...
        passphrase,
        ^^^^^^^^^^^
    )
    ^
  File "C:\Program Files\Python313\Lib\site-packages\paramiko\client.py", line 814, in _auth
    raise saved_exception
  File "C:\Program Files\Python313\Lib\site-packages\paramiko\client.py", line 801, in _auth
    self._transport.auth_password(username, password)
    ~~~~~~~~~~~~~~~~~~~~~~~~~~~~~^^^^^^^^^^^^^^^^^^^^
  File "C:\Program Files\Python313\Lib\site-packages\paramiko\transport.py", line 1632, in auth_password
    return self.auth_handler.wait_for_response(my_event)
           ~~~~~~~~~~~~~~~~~~~~~~~~~~~~~~~~~~~^^^^^^^^^^
  File "C:\Program Files\Python313\Lib\site-packages\paramiko\auth_handler.py", line 263, in wait_for_response
    raise e
paramiko.ssh_exception.AuthenticationException: Authentication failed.

During handling of the above exception, another exception occurred:

Traceback (most recent call last):
  File "C:\Users\SYost3\OneDrive - T-Mobile USA\Documents\git\scripts\automation\add-route\add-route-op.py", line 206, in main
    conn = ConnectHandler(**device)
  File "C:\Program Files\Python313\Lib\site-packages\netmiko\ssh_dispatcher.py", line 460, in ConnectHandler
    return ConnectionClass(*args, **kwargs)
  File "C:\Program Files\Python313\Lib\site-packages\netmiko\base_connection.py", line 495, in __init__
    self._open()
    ~~~~~~~~~~^^
  File "C:\Program Files\Python313\Lib\site-packages\netmiko\base_connection.py", line 500, in _open
    self.establish_connection()
    ~~~~~~~~~~~~~~~~~~~~~~~~~^^
  File "C:\Program Files\Python313\Lib\site-packages\netmiko\base_connection.py", line 1183, in establish_connection
    raise NetmikoAuthenticationException(msg)
netmiko.exceptions.NetmikoAuthenticationException: Authentication to device failed.

Common causes of this problem are:
1. Invalid username and password
2. Incorrect SSH-key file
3. Connecting to the wrong device

Device settings: terminal_server 10.79.164.105:22


Authentication failed.
