2026-04-06 15:01:34,021 | INFO | Loaded 1 devices from inventory.txt
2026-04-06 15:01:34,022 | INFO | NXKSOPHEW181: connecting
2026-04-06 15:01:34,544 | INFO | Connected (version 2.0, client OpenSSH_9.1)
2026-04-06 15:01:35,165 | INFO | Auth banner: b'\n UNAUTHORIZED ACCESS PROHIBITED\n******************************************************\nAccess to this system and associated network, computer\nresource, or data is restricted to those authorized by\nthe company. This system and related networks, resources\nor data may only be used for business purposes of the\ncompany and its customers. Use by unauthorized individuals\nor for an unauthorized purpose is a violation of Federal\nand/or State law. Violators will be prosecuted.\n*******************************************************\n\n\n========================================\n|       | 30  |           | 10 |       |\n|       | 31  |           | 11 |       |\n|       | 32  |           | 12 |       |\n|       | 33  |           | 13 |       |\n|       | 34  |           | 14 |       |\n|       | 35  |           | 15 |       |\n|       | 36  |           | 16 |       |\n|       | 37  |           | 17 |       |\n|       | 38  |           | 18X |       |\n|       | 39  |           | 19 |       |\n|       | 40  |           | 20 |       |\n|       | 41  |           | 21 |       |\n|              ====_ _=====            |\n|                                      |\n|             ____ ____                |\n==================-=====================\nTechCenter Rack 18\n'
2026-04-06 15:01:35,172 | INFO | Authentication (password) successful!
2026-04-06 15:01:36,639 | INFO | NXKSOPHEW181: user 'steven' not found, adding it
2026-04-06 15:01:36,932 | ERROR | NXKSOPHEW181: unexpected error: Failed to enter configuration mode.
2026-04-06 15:06:24,685 | INFO | Loaded 2 devices from inventory.txt
2026-04-06 15:06:24,685 | INFO | NXKSOPHEW181: connecting
2026-04-06 15:06:25,211 | INFO | Connected (version 2.0, client OpenSSH_9.1)
2026-04-06 15:06:25,872 | INFO | Auth banner: b'\n UNAUTHORIZED ACCESS PROHIBITED\n******************************************************\nAccess to this system and associated network, computer\nresource, or data is restricted to those authorized by\nthe company. This system and related networks, resources\nor data may only be used for business purposes of the\ncompany and its customers. Use by unauthorized individuals\nor for an unauthorized purpose is a violation of Federal\nand/or State law. Violators will be prosecuted.\n*******************************************************\n\n\n========================================\n|       | 30  |           | 10 |       |\n|       | 31  |           | 11 |       |\n|       | 32  |           | 12 |       |\n|       | 33  |           | 13 |       |\n|       | 34  |           | 14 |       |\n|       | 35  |           | 15 |       |\n|       | 36  |           | 16 |       |\n|       | 37  |           | 17 |       |\n|       | 38  |           | 18X |       |\n|       | 39  |           | 19 |       |\n|       | 40  |           | 20 |       |\n|       | 41  |           | 21 |       |\n|              ====_ _=====            |\n|                                      |\n|             ____ ____                |\n==================-=====================\nTechCenter Rack 18\n'
2026-04-06 15:06:25,872 | INFO | Authentication (password) successful!
2026-04-06 15:06:27,269 | INFO | NXKSOPHEW181: user 'steven' NOT found
2026-04-06 15:06:27,366 | INFO | NXKSOPHEW191: connecting
2026-04-06 15:06:27,978 | INFO | Connected (version 2.0, client OpenSSH_9.1)
2026-04-06 15:06:28,718 | INFO | Auth banner: b'\n  UNAUTHORIZED ACCESS PROHIBITED\n> ******************************************************\n> Access to this system and associated network, computer\n> resource, or data is restricted to those authorized by\n> the company. This system and related networks, resources\n> or data may only be used for business purposes of the\n> company and its customers. Use by unauthorized individuals\n> or for an unauthorized purpose is a violation of Federal\n> and/or State law. Violators will be prosecuted.\n> *******************************************************\n>\n>\n> ========================================\n> |       | 30  |           | 10 |       |\n> |       | 31  |           | 11 |       |\n> |       | 32  |           | 12 |       |\n> |       | 33  |           | 13 |       |\n> |       | 34  |           | 14 |       |\n> |       | 35  |           | 15 |       |\n> |       | 36  |           | 16 |       |\n> |       | 37  |           | 17 |       |\n> |       | 38  |           | 18 |       |\n  |       | 39  |           | 19X|       | \n |       | 40  |           | 20 |       |\n> |       | 41  |           | 21 |       |\n> |              ====_ _=====            |\n> |                                      |\n> |             ____ ____                |\n> ==================-=====================\n> TechCenter Rack: 19\n'
2026-04-06 15:06:28,719 | INFO | Authentication (password) successful!
2026-04-06 15:06:30,183 | INFO | NXKSOPHEW191: user 'steven' NOT found
2026-04-06 15:09:23,024 | INFO | Loaded 2 devices from inventory.txt
2026-04-06 15:09:23,024 | INFO | NXKSOPHEW181: connecting
2026-04-06 15:09:23,542 | INFO | Connected (version 2.0, client OpenSSH_9.1)
2026-04-06 15:09:24,145 | INFO | Auth banner: b'\n UNAUTHORIZED ACCESS PROHIBITED\n******************************************************\nAccess to this system and associated network, computer\nresource, or data is restricted to those authorized by\nthe company. This system and related networks, resources\nor data may only be used for business purposes of the\ncompany and its customers. Use by unauthorized individuals\nor for an unauthorized purpose is a violation of Federal\nand/or State law. Violators will be prosecuted.\n*******************************************************\n\n\n========================================\n|       | 30  |           | 10 |       |\n|       | 31  |           | 11 |       |\n|       | 32  |           | 12 |       |\n|       | 33  |           | 13 |       |\n|       | 34  |           | 14 |       |\n|       | 35  |           | 15 |       |\n|       | 36  |           | 16 |       |\n|       | 37  |           | 17 |       |\n|       | 38  |           | 18X |       |\n|       | 39  |           | 19 |       |\n|       | 40  |           | 20 |       |\n|       | 41  |           | 21 |       |\n|              ====_ _=====            |\n|                                      |\n|             ____ ____                |\n==================-=====================\nTechCenter Rack 18\n'
2026-04-06 15:09:24,146 | INFO | Authentication (password) successful!
2026-04-06 15:09:25,575 | INFO | NXKSOPHEW181: user 'perry' EXISTS
2026-04-06 15:09:25,576 | INFO | NXKSOPHEW181:   username perry password 5 $5$BZZTLHi6$W65uH.DGbFxFVovXRwOGzgWIl3KMMphK1oEiyw1hxs9  role network-admin
2026-04-06 15:09:25,577 | INFO | NXKSOPHEW181:   username perry passphrase  lifetime 99999 warntime 14 gracetime 3
2026-04-06 15:09:25,672 | INFO | NXKSOPHEW191: connecting
2026-04-06 15:09:26,164 | INFO | Connected (version 2.0, client OpenSSH_9.1)
2026-04-06 15:09:26,808 | INFO | Auth banner: b'\n  UNAUTHORIZED ACCESS PROHIBITED\n> ******************************************************\n> Access to this system and associated network, computer\n> resource, or data is restricted to those authorized by\n> the company. This system and related networks, resources\n> or data may only be used for business purposes of the\n> company and its customers. Use by unauthorized individuals\n> or for an unauthorized purpose is a violation of Federal\n> and/or State law. Violators will be prosecuted.\n> *******************************************************\n>\n>\n> ========================================\n> |       | 30  |           | 10 |       |\n> |       | 31  |           | 11 |       |\n> |       | 32  |           | 12 |       |\n> |       | 33  |           | 13 |       |\n> |       | 34  |           | 14 |       |\n> |       | 35  |           | 15 |       |\n> |       | 36  |           | 16 |       |\n> |       | 37  |           | 17 |       |\n> |       | 38  |           | 18 |       |\n  |       | 39  |           | 19X|       | \n |       | 40  |           | 20 |       |\n> |       | 41  |           | 21 |       |\n> |              ====_ _=====            |\n> |                                      |\n> |             ____ ____                |\n> ==================-=====================\n> TechCenter Rack: 19\n'
2026-04-06 15:09:26,809 | INFO | Authentication (password) successful!
2026-04-06 15:09:28,247 | INFO | NXKSOPHEW191: user 'perry' EXISTS
2026-04-06 15:09:28,247 | INFO | NXKSOPHEW191:   username perry password 5 $5$W1lQSqAl$05FCihqzOYuEDU4r8AAFXOdT9.wLi9rVON3QFpVWl9C  role network-admin
2026-04-06 15:09:28,247 | INFO | NXKSOPHEW191:   username perry passphrase  lifetime 99999 warntime 14 gracetime 3
2026-04-06 15:17:46,463 | INFO | Loaded 2 devices from inventory.txt
2026-04-06 15:17:46,463 | INFO | SWKSOPHE1B131A: connecting
2026-04-06 15:17:46,753 | INFO | Connected (version 2.0, client Cisco-1.25)
2026-04-06 15:17:47,535 | INFO | Auth banner: b'\r\nUNAUTHORIZED ACCESS PROHIBITED\r\n******************************************************\r\nAccess to this system and associated network, computer\r\nresource, or data is restricted to those authorized by\r\nthe company. This system and related networks, resources\r\nor data may only be used for business purposes of the\r\ncompany and its customers. Use by unauthorized individuals\r\nor for an unauthorized purpose is a violation of Federal\r\nand/or State law. Violators will be prosecuted.\r\n*******************************************************\r\n\r\n'
2026-04-06 15:17:47,637 | INFO | Authentication (password) successful!
2026-04-06 15:17:49,512 | INFO | SWKSOPHE1B131A: user 'steven' EXISTS
2026-04-06 15:17:49,513 | INFO | SWKSOPHE1B131A:   username steven privilege 15 secret 9 $9$iefr0alt5GhVeE$3l6a9UNkrlfRK/XpTzcNVu4a3YwXEgs69eWdbvHI87.
2026-04-06 15:17:49,608 | INFO | SWKSOPHE1B131B: connecting
2026-04-06 15:17:49,883 | INFO | Connected (version 2.0, client Cisco-1.25)
2026-04-06 15:17:50,653 | INFO | Auth banner: b'\r\nUNAUTHORIZED ACCESS PROHIBITED\r\n******************************************************\r\nAccess to this system and associated network, computer\r\nresource, or data is restricted to those authorized by\r\nthe company. This system and related networks, resources\r\nor data may only be used for business purposes of the\r\ncompany and its customers. Use by unauthorized individuals\r\nor for an unauthorized purpose is a violation of Federal\r\nand/or State law. Violators will be prosecuted.\r\n*******************************************************\r\n\r\n'
2026-04-06 15:17:50,755 | INFO | Authentication (password) successful!
2026-04-06 15:17:52,639 | INFO | SWKSOPHE1B131B: user 'steven' EXISTS
2026-04-06 15:17:52,640 | INFO | SWKSOPHE1B131B:   username steven privilege 15 secret 9 $9$iefr0alt5GhVeE$3l6a9UNkrlfRK/XpTzcNVu4a3YwXEgs69eWdbvHI87.
2026-04-06 15:31:11,727 | INFO | Loaded 2 devices from inventory.txt
2026-04-06 15:31:11,727 | INFO | SWKSOPHE1B131A: connecting
2026-04-06 15:31:11,913 | INFO | Connected (version 2.0, client Cisco-1.25)
2026-04-06 15:31:12,682 | INFO | Auth banner: b'\r\nUNAUTHORIZED ACCESS PROHIBITED\r\n******************************************************\r\nAccess to this system and associated network, computer\r\nresource, or data is restricted to those authorized by\r\nthe company. This system and related networks, resources\r\nor data may only be used for business purposes of the\r\ncompany and its customers. Use by unauthorized individuals\r\nor for an unauthorized purpose is a violation of Federal\r\nand/or State law. Violators will be prosecuted.\r\n*******************************************************\r\n\r\n'
2026-04-06 15:31:12,783 | INFO | Authentication (password) successful!
2026-04-06 15:31:14,668 | INFO | SWKSOPHE1B131A: user 'steven' EXISTS
2026-04-06 15:31:14,669 | INFO | SWKSOPHE1B131A:   username steven privilege 15 secret 9 $9$iefr0alt5GhVeE$3l6a9UNkrlfRK/XpTzcNVu4a3YwXEgs69eWdbvHI87.
2026-04-06 15:31:14,765 | INFO | SWKSOPHE1B131B: connecting
2026-04-06 15:31:14,935 | INFO | Connected (version 2.0, client Cisco-1.25)
2026-04-06 15:31:15,717 | INFO | Auth banner: b'\r\nUNAUTHORIZED ACCESS PROHIBITED\r\n******************************************************\r\nAccess to this system and associated network, computer\r\nresource, or data is restricted to those authorized by\r\nthe company. This system and related networks, resources\r\nor data may only be used for business purposes of the\r\ncompany and its customers. Use by unauthorized individuals\r\nor for an unauthorized purpose is a violation of Federal\r\nand/or State law. Violators will be prosecuted.\r\n*******************************************************\r\n\r\n'
2026-04-06 15:31:15,818 | INFO | Authentication (password) successful!
2026-04-06 15:31:17,696 | INFO | SWKSOPHE1B131B: user 'steven' EXISTS
2026-04-06 15:31:17,697 | INFO | SWKSOPHE1B131B:   username steven privilege 15 secret 9 $9$iefr0alt5GhVeE$3l6a9UNkrlfRK/XpTzcNVu4a3YwXEgs69eWdbvHI87.
2026-04-06 15:37:41,726 | INFO | Loaded 2 devices from inventory.txt
2026-04-06 15:37:41,727 | INFO | SWKSOPHE1B131A: connecting
2026-04-06 15:37:42,019 | INFO | Connected (version 2.0, client Cisco-1.25)
2026-04-06 15:37:42,782 | INFO | Auth banner: b'\r\nUNAUTHORIZED ACCESS PROHIBITED\r\n******************************************************\r\nAccess to this system and associated network, computer\r\nresource, or data is restricted to those authorized by\r\nthe company. This system and related networks, resources\r\nor data may only be used for business purposes of the\r\ncompany and its customers. Use by unauthorized individuals\r\nor for an unauthorized purpose is a violation of Federal\r\nand/or State law. Violators will be prosecuted.\r\n*******************************************************\r\n\r\n'
2026-04-06 15:37:42,883 | INFO | Authentication (password) successful!
2026-04-06 15:37:44,765 | INFO | SWKSOPHE1B131A: user 'steven' EXISTS
2026-04-06 15:37:44,864 | INFO | SWKSOPHE1B131B: connecting
2026-04-06 15:37:45,148 | INFO | Connected (version 2.0, client Cisco-1.25)
2026-04-06 15:37:45,932 | INFO | Auth banner: b'\r\nUNAUTHORIZED ACCESS PROHIBITED\r\n******************************************************\r\nAccess to this system and associated network, computer\r\nresource, or data is restricted to those authorized by\r\nthe company. This system and related networks, resources\r\nor data may only be used for business purposes of the\r\ncompany and its customers. Use by unauthorized individuals\r\nor for an unauthorized purpose is a violation of Federal\r\nand/or State law. Violators will be prosecuted.\r\n*******************************************************\r\n\r\n'
2026-04-06 15:37:46,031 | INFO | Authentication (password) successful!
2026-04-06 15:37:47,923 | INFO | SWKSOPHE1B131B: user 'steven' EXISTS
2026-04-07 07:28:37,027 | INFO | Loaded 4 devices from inventory.txt
2026-04-07 07:28:37,028 | INFO | SW9300L01: connecting
2026-04-07 07:28:46,753 | ERROR | Exception (client): Error reading SSH protocol banner[WinError 10038] An operation was attempted on something that is not a socket
2026-04-07 07:30:05,373 | INFO | Loaded 4 devices from inventory.txt
2026-04-07 07:30:05,374 | INFO | SW9300L01: connecting
2026-04-07 07:30:05,573 | INFO | Connected (version 2.0, client Cisco-1.25)
2026-04-07 07:30:08,544 | INFO | Authentication (password) failed.
2026-04-07 07:30:08,546 | ERROR | SW9300L01: authentication failed
2026-04-07 07:30:08,546 | INFO | SW9300L02: connecting
2026-04-07 07:30:08,731 | INFO | Connected (version 2.0, client Cisco-1.25)
2026-04-07 07:30:09,526 | INFO | Auth banner: b'\r\nUNAUTHORIZED ACCESS PROHIBITED\r\n******************************************************\r\nAccess to this system and associated network, computer\r\nresource, or data is restricted to those authorized by\r\nthe company. This system and related networks, resources\r\nor data may only be used for business purposes of the\r\ncompany and its customers. Use by unauthorized individuals\r\nor for an unauthorized purpose is a violation of Federal\r\nand/or State law. Violators will be prosecuted.\r\n*******************************************************\r\n\r\n'
2026-04-07 07:30:11,631 | INFO | Authentication (password) failed.
2026-04-07 07:30:11,631 | ERROR | SW9300L02: authentication failed
2026-04-07 07:30:11,632 | INFO | NX93180L01: connecting
2026-04-07 07:30:12,309 | INFO | Connected (version 2.0, client OpenSSH_9.1)
2026-04-07 07:30:12,945 | INFO | Auth banner: b' \nUNAUTHORIZED ACCESS PROHIBITED\n******************************************************\nAccess to this system and associated network, computer\nresource, or data is restricted to those authorized by\nthe company. This system and related networks, resources\nor data may only be used for business purposes of the\ncompany and its customers. Use by unauthorized individuals\nor for an unauthorized purpose is a violation of Federal\nand/or State law. Violators will be prosecuted.\n*******************************************************\n\n\n========================================\n|       | 30  |           | 10 |       |\n|       | 31  |           | 11 |       |\n|       | 32  |           | 12 |       |\n|       | 33  |           | 13 |       |\n|       | 34  |           | 14 |       |\n|       | 35  |           | 15 |       |\n|       | 36  |           | 16 |       |\n|       | 37  |           | 17 |       |\n|       | 38  |           | 18 |       |\n|       | 39  |           | 19 |       |\n|       | 40  |           |X20 |       |\n|       | 41  |           | 21 |       |\n|              ====_ _=====            |\n|                                      |\n|             ____ ____                |\n==================-=====================\nTechCenter Rack 20(LAB) RU1\n'
2026-04-07 07:30:12,945 | INFO | Authentication (password) failed.
2026-04-07 07:30:12,946 | ERROR | NX93180L01: authentication failed
2026-04-07 07:30:12,946 | INFO | NX93180L02: connecting
2026-04-07 07:30:13,666 | INFO | Connected (version 2.0, client OpenSSH_9.1)
2026-04-07 07:30:14,429 | INFO | Auth banner: b'\nUNAUTHORIZED ACCESS PROHIBITED\n******************************************************\nAccess to this system and associated network, computer\nresource, or data is restricted to those authorized by\nthe company. This system and related networks, resources\nor data may only be used for business purposes of the\ncompany and its customers. Use by unauthorized individuals\nor for an unauthorized purpose is a violation of Federal\nand/or State law. Violators will be prosecuted.\n*******************************************************\n\n\n========================================\n|       | 30  |           | 10 |       |\n|       | 31  |           | 11 |       |\n|       | 32  |           | 12 |       |\n|       | 33  |           | 13 |       |\n|       | 34  |           | 14 |       |\n|       | 35  |           | 15 |       |\n|       | 36  |           | 16 |       |\n|       | 37  |           | 17 |       |\n|       | 38  |           | 18 |       |\n|       | 39  |           | 19 |       |\n|       | 40  |           |X20 |       |\n|       | 41  |           | 21 |       |\n|              ====_ _=====            |\n|                                      |\n|             ____ ____                |\n==================-=====================\nTechCenter Rack 20(LAB) RU2\n'
2026-04-07 07:30:14,429 | INFO | Authentication (password) failed.
2026-04-07 07:30:14,430 | ERROR | NX93180L02: authentication failed
2026-04-07 07:30:39,635 | INFO | Loaded 4 devices from inventory.txt
2026-04-07 07:30:39,636 | INFO | SW9300L01: connecting
2026-04-07 07:30:39,837 | INFO | Connected (version 2.0, client Cisco-1.25)
2026-04-07 07:30:40,765 | INFO | Authentication (password) successful!
2026-04-07 07:30:43,221 | INFO | SW9300L01: user 'steven' PRESENT
2026-04-07 07:30:43,318 | INFO | SW9300L02: connecting
2026-04-07 07:30:43,503 | INFO | Connected (version 2.0, client Cisco-1.25)
2026-04-07 07:30:44,353 | INFO | Auth banner: b'\r\nUNAUTHORIZED ACCESS PROHIBITED\r\n******************************************************\r\nAccess to this system and associated network, computer\r\nresource, or data is restricted to those authorized by\r\nthe company. This system and related networks, resources\r\nor data may only be used for business purposes of the\r\ncompany and its customers. Use by unauthorized individuals\r\nor for an unauthorized purpose is a violation of Federal\r\nand/or State law. Violators will be prosecuted.\r\n*******************************************************\r\n\r\n'
2026-04-07 07:30:44,463 | INFO | Authentication (password) successful!
2026-04-07 07:30:46,410 | INFO | SW9300L02: user 'steven' NOT found
2026-04-07 07:30:46,518 | INFO | NX93180L01: connecting
2026-04-07 07:30:47,076 | INFO | Connected (version 2.0, client OpenSSH_9.1)
2026-04-07 07:30:47,780 | INFO | Auth banner: b' \nUNAUTHORIZED ACCESS PROHIBITED\n******************************************************\nAccess to this system and associated network, computer\nresource, or data is restricted to those authorized by\nthe company. This system and related networks, resources\nor data may only be used for business purposes of the\ncompany and its customers. Use by unauthorized individuals\nor for an unauthorized purpose is a violation of Federal\nand/or State law. Violators will be prosecuted.\n*******************************************************\n\n\n========================================\n|       | 30  |           | 10 |       |\n|       | 31  |           | 11 |       |\n|       | 32  |           | 12 |       |\n|       | 33  |           | 13 |       |\n|       | 34  |           | 14 |       |\n|       | 35  |           | 15 |       |\n|       | 36  |           | 16 |       |\n|       | 37  |           | 17 |       |\n|       | 38  |           | 18 |       |\n|       | 39  |           | 19 |       |\n|       | 40  |           |X20 |       |\n|       | 41  |           | 21 |       |\n|              ====_ _=====            |\n|                                      |\n|             ____ ____                |\n==================-=====================\nTechCenter Rack 20(LAB) RU1\n'
2026-04-07 07:30:47,780 | INFO | Authentication (password) successful!
2026-04-07 07:30:49,452 | INFO | NX93180L01: user 'steven' PRESENT
2026-04-07 07:30:49,552 | INFO | NX93180L02: connecting
2026-04-07 07:30:50,160 | INFO | Connected (version 2.0, client OpenSSH_9.1)
2026-04-07 07:30:50,817 | INFO | Auth banner: b'\nUNAUTHORIZED ACCESS PROHIBITED\n******************************************************\nAccess to this system and associated network, computer\nresource, or data is restricted to those authorized by\nthe company. This system and related networks, resources\nor data may only be used for business purposes of the\ncompany and its customers. Use by unauthorized individuals\nor for an unauthorized purpose is a violation of Federal\nand/or State law. Violators will be prosecuted.\n*******************************************************\n\n\n========================================\n|       | 30  |           | 10 |       |\n|       | 31  |           | 11 |       |\n|       | 32  |           | 12 |       |\n|       | 33  |           | 13 |       |\n|       | 34  |           | 14 |       |\n|       | 35  |           | 15 |       |\n|       | 36  |           | 16 |       |\n|       | 37  |           | 17 |       |\n|       | 38  |           | 18 |       |\n|       | 39  |           | 19 |       |\n|       | 40  |           |X20 |       |\n|       | 41  |           | 21 |       |\n|              ====_ _=====            |\n|                                      |\n|             ____ ____                |\n==================-=====================\nTechCenter Rack 20(LAB) RU2\n'
2026-04-07 07:30:50,818 | INFO | Authentication (password) successful!
2026-04-07 07:30:52,533 | INFO | NX93180L02: user 'steven' PRESENT
2026-04-07 07:35:52,151 | INFO | Loaded 4 devices from inventory.txt
2026-04-07 07:35:52,152 | INFO | SW9300L01: connecting
2026-04-07 07:35:52,352 | INFO | Connected (version 2.0, client Cisco-1.25)
2026-04-07 07:35:53,275 | INFO | Authentication (password) successful!
2026-04-07 07:35:55,722 | INFO | SW9300L01: user 'steven' PRESENT
2026-04-07 07:35:55,820 | INFO | SW9300L02: connecting
2026-04-07 07:35:56,005 | INFO | Connected (version 2.0, client Cisco-1.25)
2026-04-07 07:35:56,810 | INFO | Auth banner: b'\r\nUNAUTHORIZED ACCESS PROHIBITED\r\n******************************************************\r\nAccess to this system and associated network, computer\r\nresource, or data is restricted to those authorized by\r\nthe company. This system and related networks, resources\r\nor data may only be used for business purposes of the\r\ncompany and its customers. Use by unauthorized individuals\r\nor for an unauthorized purpose is a violation of Federal\r\nand/or State law. Violators will be prosecuted.\r\n*******************************************************\r\n\r\n'
2026-04-07 07:35:56,914 | INFO | Authentication (password) successful!
2026-04-07 07:35:58,902 | WARNING | SW9300L02: user 'steven' NOT found — adding
2026-04-07 07:36:01,627 | INFO | SW9300L02: user 'steven' ADDED successfully
2026-04-07 07:36:01,725 | INFO | NX93180L01: connecting
2026-04-07 07:36:02,268 | INFO | Connected (version 2.0, client OpenSSH_9.1)
2026-04-07 07:36:02,980 | INFO | Auth banner: b' \nUNAUTHORIZED ACCESS PROHIBITED\n******************************************************\nAccess to this system and associated network, computer\nresource, or data is restricted to those authorized by\nthe company. This system and related networks, resources\nor data may only be used for business purposes of the\ncompany and its customers. Use by unauthorized individuals\nor for an unauthorized purpose is a violation of Federal\nand/or State law. Violators will be prosecuted.\n*******************************************************\n\n\n========================================\n|       | 30  |           | 10 |       |\n|       | 31  |           | 11 |       |\n|       | 32  |           | 12 |       |\n|       | 33  |           | 13 |       |\n|       | 34  |           | 14 |       |\n|       | 35  |           | 15 |       |\n|       | 36  |           | 16 |       |\n|       | 37  |           | 17 |       |\n|       | 38  |           | 18 |       |\n|       | 39  |           | 19 |       |\n|       | 40  |           |X20 |       |\n|       | 41  |           | 21 |       |\n|              ====_ _=====            |\n|                                      |\n|             ____ ____                |\n==================-=====================\nTechCenter Rack 20(LAB) RU1\n'
2026-04-07 07:36:02,980 | INFO | Authentication (password) successful!
2026-04-07 07:36:04,655 | INFO | NX93180L01: user 'steven' PRESENT
2026-04-07 07:36:04,752 | INFO | NX93180L02: connecting
2026-04-07 07:36:05,310 | INFO | Connected (version 2.0, client OpenSSH_9.1)
2026-04-07 07:36:05,974 | INFO | Auth banner: b'\nUNAUTHORIZED ACCESS PROHIBITED\n******************************************************\nAccess to this system and associated network, computer\nresource, or data is restricted to those authorized by\nthe company. This system and related networks, resources\nor data may only be used for business purposes of the\ncompany and its customers. Use by unauthorized individuals\nor for an unauthorized purpose is a violation of Federal\nand/or State law. Violators will be prosecuted.\n*******************************************************\n\n\n========================================\n|       | 30  |           | 10 |       |\n|       | 31  |           | 11 |       |\n|       | 32  |           | 12 |       |\n|       | 33  |           | 13 |       |\n|       | 34  |           | 14 |       |\n|       | 35  |           | 15 |       |\n|       | 36  |           | 16 |       |\n|       | 37  |           | 17 |       |\n|       | 38  |           | 18 |       |\n|       | 39  |           | 19 |       |\n|       | 40  |           |X20 |       |\n|       | 41  |           | 21 |       |\n|              ====_ _=====            |\n|                                      |\n|             ____ ____                |\n==================-=====================\nTechCenter Rack 20(LAB) RU2\n'
2026-04-07 07:36:05,975 | INFO | Authentication (password) successful!
2026-04-07 07:36:07,510 | INFO | NX93180L02: user 'steven' PRESENT
2026-04-07 07:39:32,378 | INFO | Loaded 4 devices from inventory.txt
2026-04-07 07:39:32,379 | INFO | SW9300L01: connecting
2026-04-07 07:39:32,580 | INFO | Connected (version 2.0, client Cisco-1.25)
2026-04-07 07:39:33,511 | INFO | Authentication (password) successful!
2026-04-07 07:39:35,940 | INFO | SW9300L01: user 'steven' PRESENT
2026-04-07 07:39:36,036 | INFO | SW9300L02: connecting
2026-04-07 07:39:36,220 | INFO | Connected (version 2.0, client Cisco-1.25)
2026-04-07 07:39:37,027 | INFO | Auth banner: b'\r\nUNAUTHORIZED ACCESS PROHIBITED\r\n******************************************************\r\nAccess to this system and associated network, computer\r\nresource, or data is restricted to those authorized by\r\nthe company. This system and related networks, resources\r\nor data may only be used for business purposes of the\r\ncompany and its customers. Use by unauthorized individuals\r\nor for an unauthorized purpose is a violation of Federal\r\nand/or State law. Violators will be prosecuted.\r\n*******************************************************\r\n\r\n'
2026-04-07 07:39:37,132 | INFO | Authentication (password) successful!
2026-04-07 07:39:39,099 | INFO | SW9300L02: user 'steven' NOT found
2026-04-07 07:39:39,197 | INFO | NX93180L01: connecting
2026-04-07 07:39:39,754 | INFO | Connected (version 2.0, client OpenSSH_9.1)
2026-04-07 07:39:40,455 | INFO | Auth banner: b' \nUNAUTHORIZED ACCESS PROHIBITED\n******************************************************\nAccess to this system and associated network, computer\nresource, or data is restricted to those authorized by\nthe company. This system and related networks, resources\nor data may only be used for business purposes of the\ncompany and its customers. Use by unauthorized individuals\nor for an unauthorized purpose is a violation of Federal\nand/or State law. Violators will be prosecuted.\n*******************************************************\n\n\n========================================\n|       | 30  |           | 10 |       |\n|       | 31  |           | 11 |       |\n|       | 32  |           | 12 |       |\n|       | 33  |           | 13 |       |\n|       | 34  |           | 14 |       |\n|       | 35  |           | 15 |       |\n|       | 36  |           | 16 |       |\n|       | 37  |           | 17 |       |\n|       | 38  |           | 18 |       |\n|       | 39  |           | 19 |       |\n|       | 40  |           |X20 |       |\n|       | 41  |           | 21 |       |\n|              ====_ _=====            |\n|                                      |\n|             ____ ____                |\n==================-=====================\nTechCenter Rack 20(LAB) RU1\n'
2026-04-07 07:39:40,456 | INFO | Authentication (password) successful!
2026-04-07 07:39:42,017 | INFO | NX93180L01: user 'steven' PRESENT
2026-04-07 07:39:42,115 | INFO | NX93180L02: connecting
2026-04-07 07:39:42,665 | INFO | Connected (version 2.0, client OpenSSH_9.1)
2026-04-07 07:39:43,413 | INFO | Auth banner: b'\nUNAUTHORIZED ACCESS PROHIBITED\n******************************************************\nAccess to this system and associated network, computer\nresource, or data is restricted to those authorized by\nthe company. This system and related networks, resources\nor data may only be used for business purposes of the\ncompany and its customers. Use by unauthorized individuals\nor for an unauthorized purpose is a violation of Federal\nand/or State law. Violators will be prosecuted.\n*******************************************************\n\n\n========================================\n|       | 30  |           | 10 |       |\n|       | 31  |           | 11 |       |\n|       | 32  |           | 12 |       |\n|       | 33  |           | 13 |       |\n|       | 34  |           | 14 |       |\n|       | 35  |           | 15 |       |\n|       | 36  |           | 16 |       |\n|       | 37  |           | 17 |       |\n|       | 38  |           | 18 |       |\n|       | 39  |           | 19 |       |\n|       | 40  |           |X20 |       |\n|       | 41  |           | 21 |       |\n|              ====_ _=====            |\n|                                      |\n|             ____ ____                |\n==================-=====================\nTechCenter Rack 20(LAB) RU2\n'
2026-04-07 07:39:43,414 | INFO | Authentication (password) successful!
2026-04-07 07:39:45,451 | INFO | NX93180L02: user 'steven' PRESENT
2026-04-07 07:46:44,489 | INFO | Loaded 4 devices from inventory.txt
2026-04-07 07:46:44,490 | INFO | SW9300L01: connecting
2026-04-07 07:46:44,690 | INFO | Connected (version 2.0, client Cisco-1.25)
2026-04-07 07:46:45,624 | INFO | Authentication (password) successful!
2026-04-07 07:46:48,070 | INFO | SW9300L01: user 'steven' PRESENT
2026-04-07 07:46:48,168 | INFO | SW9300L02: connecting
2026-04-07 07:46:48,354 | INFO | Connected (version 2.0, client Cisco-1.25)
2026-04-07 07:46:49,168 | INFO | Auth banner: b'\r\nUNAUTHORIZED ACCESS PROHIBITED\r\n******************************************************\r\nAccess to this system and associated network, computer\r\nresource, or data is restricted to those authorized by\r\nthe company. This system and related networks, resources\r\nor data may only be used for business purposes of the\r\ncompany and its customers. Use by unauthorized individuals\r\nor for an unauthorized purpose is a violation of Federal\r\nand/or State law. Violators will be prosecuted.\r\n*******************************************************\r\n\r\n'
2026-04-07 07:46:49,274 | INFO | Authentication (password) successful!
2026-04-07 07:46:51,245 | INFO | SW9300L02: user 'steven' PRESENT
2026-04-07 07:46:51,342 | INFO | NX93180L01: connecting
2026-04-07 07:46:51,896 | INFO | Connected (version 2.0, client OpenSSH_9.1)
2026-04-07 07:46:52,700 | INFO | Auth banner: b' \nUNAUTHORIZED ACCESS PROHIBITED\n******************************************************\nAccess to this system and associated network, computer\nresource, or data is restricted to those authorized by\nthe company. This system and related networks, resources\nor data may only be used for business purposes of the\ncompany and its customers. Use by unauthorized individuals\nor for an unauthorized purpose is a violation of Federal\nand/or State law. Violators will be prosecuted.\n*******************************************************\n\n\n========================================\n|       | 30  |           | 10 |       |\n|       | 31  |           | 11 |       |\n|       | 32  |           | 12 |       |\n|       | 33  |           | 13 |       |\n|       | 34  |           | 14 |       |\n|       | 35  |           | 15 |       |\n|       | 36  |           | 16 |       |\n|       | 37  |           | 17 |       |\n|       | 38  |           | 18 |       |\n|       | 39  |           | 19 |       |\n|       | 40  |           |X20 |       |\n|       | 41  |           | 21 |       |\n|              ====_ _=====            |\n|                                      |\n|             ____ ____                |\n==================-=====================\nTechCenter Rack 20(LAB) RU1\n'
2026-04-07 07:46:52,701 | INFO | Authentication (password) successful!
2026-04-07 07:46:54,562 | INFO | NX93180L01: user 'steven' PRESENT
2026-04-07 07:46:54,661 | INFO | NX93180L02: connecting
2026-04-07 07:46:55,204 | INFO | Connected (version 2.0, client OpenSSH_9.1)
2026-04-07 07:46:55,951 | INFO | Auth banner: b'\nUNAUTHORIZED ACCESS PROHIBITED\n******************************************************\nAccess to this system and associated network, computer\nresource, or data is restricted to those authorized by\nthe company. This system and related networks, resources\nor data may only be used for business purposes of the\ncompany and its customers. Use by unauthorized individuals\nor for an unauthorized purpose is a violation of Federal\nand/or State law. Violators will be prosecuted.\n*******************************************************\n\n\n========================================\n|       | 30  |           | 10 |       |\n|       | 31  |           | 11 |       |\n|       | 32  |           | 12 |       |\n|       | 33  |           | 13 |       |\n|       | 34  |           | 14 |       |\n|       | 35  |           | 15 |       |\n|       | 36  |           | 16 |       |\n|       | 37  |           | 17 |       |\n|       | 38  |           | 18 |       |\n|       | 39  |           | 19 |       |\n|       | 40  |           |X20 |       |\n|       | 41  |           | 21 |       |\n|              ====_ _=====            |\n|                                      |\n|             ____ ____                |\n==================-=====================\nTechCenter Rack 20(LAB) RU2\n'
2026-04-07 07:46:55,952 | INFO | Authentication (password) successful!
2026-04-07 07:46:57,524 | INFO | NX93180L02: user 'steven' PRESENT
